AC234163.1_FG002	AC234163.1_FG002	AC234163.1_FG002	Chr7:108253197-108254882	B73.s	Mo17.s	OK	0.0610939	211.492	8.14953	-5.73397	9.8104e-09	6.07804e-07	yes
GRMZM2G022958	GRMZM2G022958	GRMZM2G022958	Chr8:163002197-163002947	B73.s	Mo17.s	OK	0.381661	983.831	7.85467	-10.0168	0	0	yes
GRMZM2G127087	GRMZM2G127087	GRMZM2G127087	Chr10:55603291-55756434	B73.s	Mo17.s	OK	0.413952	858.431	7.63711	-15.4713	0	0	yes
GRMZM2G169033	GRMZM2G169033	GRMZM2G169033	Chr4:181527347-181530838	B73.s	Mo17.s	OK	0.0500402	70.1638	7.24576	-6.69929	2.0943e-11	2.09552e-09	yes
GRMZM2G019090	GRMZM2G019090	GRMZM2G019090	Chr3:136264583-136323848	B73.s	Mo17.s	OK	0.465338	550.737	7.07625	-8.94764	0	0	yes
GRMZM2G456217	GRMZM2G456217	GRMZM2G456217	Chr1:205422403-205424254	B73.s	Mo17.s	OK	0.0484847	53.6647	7.00926	-8.34081	0	0	yes
GRMZM2G161521	GRMZM2G161521	GRMZM2G161521	Chr4:23072676-23073463	B73.s	Mo17.s	OK	0.463283	423.701	6.81844	-8.70634	0	0	yes
GRMZM2G015933	GRMZM2G015933	GRMZM2G015933	Chr2:222675441-222682154	B73.s	Mo17.s	OK	0.689092	576.434	6.72924	-8.49324	0	0	yes
GRMZM2G147774	GRMZM2G147774	GRMZM2G147774	Chr3:216881553-216884556	B73.s	Mo17.s	OK	0.0552825	45.9596	6.72306	-7.05728	1.69798e-12	2.00477e-10	yes
GRMZM2G170017	GRMZM2G170017	GRMZM2G170017	Chr5:188857164-188858944	B73.s	Mo17.s	OK	0.219442	158.776	6.58416	-4.49385	6.99477e-06	0.000203701	yes
GRMZM2G036629	GRMZM2G036629	GRMZM2G036629	Chr1:74263334-74264063	B73.s	Mo17.s	OK	0.096155	63.2862	6.48946	-5.54328	2.96856e-08	1.66223e-06	yes
GRMZM2G057116	GRMZM2G057116	GRMZM2G057116	Chr8:88963900-88965293	B73.s	Mo17.s	OK	0.0896704	53.1591	6.3849	-6.74021	1.5816e-11	1.60585e-09	yes
GRMZM2G181135	GRMZM2G181135	GRMZM2G181135	Chr3:202766517-202768685	B73.s	Mo17.s	OK	0.103677	60.236	6.36474	-6.3048	2.88568e-10	2.39935e-08	yes
GRMZM2G094375	GRMZM2G094375	GRMZM2G094375	Chr10:12166678-12169103	B73.s	Mo17.s	OK	0.037209	21.5618	6.36213	-5.75597	8.61436e-09	5.38547e-07	yes
GRMZM2G145069	GRMZM2G145069	GRMZM2G145069	Chr1:81315438-81317038	B73.s	Mo17.s	OK	0.0736962	41.6502	6.33711	-6.78044	1.19811e-11	1.23777e-09	yes
GRMZM2G149182	GRMZM2G149182	GRMZM2G149182	Chr6:110377871-110378982	B73.s	Mo17.s	OK	0.116626	65.1324	6.3252	-6.77231	1.26741e-11	1.29961e-09	yes
GRMZM2G154870	GRMZM2G154870	GRMZM2G154870	Chr1:278900347-278902291	B73.s	Mo17.s	OK	0.230871	128.756	6.32381	-1.27798	0.201255	0.446244	no
GRMZM2G082830	GRMZM2G082830	GRMZM2G082830	Chr7:27310891-27312880	B73.s	Mo17.s	OK	0.0192464	10.4433	6.29639	-4.80998	1.50943e-06	5.46195e-05	yes
GRMZM2G456997	GRMZM2G456997	GRMZM2G456997	Chr7:3249185-3249998	B73.s	Mo17.s	OK	0.0764441	39.8702	6.25683	-5.29938	1.16198e-07	5.7096e-06	yes
GRMZM2G119322	GRMZM2G119322	GRMZM2G119322	Chr3:179733858-179734682	B73.s	Mo17.s	OK	0.0709206	36.1462	6.23377	-5.28023	1.29024e-07	6.26532e-06	yes
GRMZM2G022212	GRMZM2G022212	GRMZM2G022212	Chr2:193815071-193818821	B73.s	Mo17.s	OK	0.0186627	8.31303	6.09905	-3.89156	9.96028e-05	0.00193057	yes
GRMZM2G018707	GRMZM2G018707	GRMZM2G018707	Chr4:225686268-225688073	B73.s	Mo17.s	OK	0.029227	11.4053	5.96674	-5.02878	4.93612e-07	2.05833e-05	yes
GRMZM2G050450	GRMZM2G050450	GRMZM2G050450	Chr5:59459793-59461545	B73.s	Mo17.s	OK	0.0432086	16.8532	5.96626	-5.0182	5.21566e-07	2.15532e-05	yes
GRMZM2G009837	GRMZM2G009837	GRMZM2G009837	Chr5:6508957-6513515	B73.s	Mo17.s	OK	0.0474584	18.3795	5.95914	-5.13305	2.85091e-07	1.27089e-05	yes
GRMZM2G018018	GRMZM2G018018	GRMZM2G018018	Chr10:136435255-136440939	B73.s	Mo17.s	OK	0.0916831	34.7159	5.93661	-6.84889	7.44271e-12	7.98864e-10	yes
GRMZM2G156632	GRMZM2G156632	GRMZM2G156632	Chr8:12273513-12274222	B73.s	Mo17.s	OK	1.55305	585.793	5.93275	-7.49097	6.83897e-14	9.45197e-12	yes
GRMZM2G140824	GRMZM2G140824	GRMZM2G140824	Chr7:175174283-175176025	B73.s	Mo17.s	OK	0.098197	35.8168	5.8992	-6.32586	2.51831e-10	2.11088e-08	yes
GRMZM2G028218	GRMZM2G028218	GRMZM2G028218	Chr5:4684018-4687975	B73.s	Mo17.s	OK	0.0248543	8.60967	5.84761	-5.08128	3.74899e-07	1.62223e-05	yes
GRMZM2G060940	GRMZM2G060940	GRMZM2G060940	Chr5:18170760-18172340	B73.s	Mo17.s	OK	0.663552	216.908	5.78962	-7.17601	7.17648e-13	8.95954e-11	yes
GRMZM2G103881	GRMZM2G103881	GRMZM2G103881	Chr2:218422792-218424779	B73.s	Mo17.s	OK	0.0196194	6.13648	5.74549	-3.69008	0.000224184	0.00380302	yes
GRMZM2G379563	GRMZM2G379563	GRMZM2G379563	Chr2:195666253-195668303	B73.s	Mo17.s	OK	0.0187089	5.59116	5.69994	-3.7318	0.000190116	0.00332193	yes
GRMZM2G083350	GRMZM2G083350	GRMZM2G083350	Chr8:19851096-19853367	B73.s	Mo17.s	OK	0.035936	10.6375	5.6904	-4.7378	2.16055e-06	7.43402e-05	yes
GRMZM2G008109	GRMZM2G008109	GRMZM2G008109	Chr3:189239404-189244232	B73.s	Mo17.s	OK	0.048534	13.5117	5.62905	-6.53286	6.45273e-11	5.97876e-09	yes
GRMZM2G135385	GRMZM2G135385	GRMZM2G135385	Chr5:190563131-190564028	B73.s	Mo17.s	OK	0.360343	96.3233	5.58841	-5.6478	1.62516e-08	9.70496e-07	yes
GRMZM2G084779	GRMZM2G084779	GRMZM2G084779	Chr3:155787343-155794047	B73.s	Mo17.s	OK	0.165183	43.0673	5.56347	-4.43508	9.20394e-06	0.000258561	yes
GRMZM2G126079	GRMZM2G126079	GRMZM2G126079	Chr6:161054089-161061292	B73.s	Mo17.s	OK	0.397388	103.218	5.55969	-7.02655	2.11697e-12	2.47124e-10	yes
GRMZM2G431288	GRMZM2G431288	GRMZM2G431288	Chr7:121600704-121602931	B73.s	Mo17.s	OK	0.0795065	20.1492	5.53508	-5.57855	2.42528e-08	1.3862e-06	yes
GRMZM2G117971	GRMZM2G117971	GRMZM2G117971	Chr4:9680498-9681375	B73.s	Mo17.s	OK	3.38827	796.16	5.45948	-7.01517	2.29661e-12	2.67338e-10	yes
GRMZM2G042364	GRMZM2G042364	GRMZM2G042364	Chr3:187609670-187611938	B73.s	Mo17.s	OK	0.106582	24.9994	5.45769	-7.08564	1.384e-12	1.65296e-10	yes
GRMZM2G179528	GRMZM2G179528	GRMZM2G179528	Chr1:107847002-107851828	B73.s	Mo17.s	OK	0.250522	57.6508	5.43861	-7.43027	1.08358e-13	1.44444e-11	yes
GRMZM2G117491	GRMZM2G117491	GRMZM2G117491	Chr1:18834852-18836692	B73.s	Mo17.s	OK	0.0367593	8.04885	5.38889	-4.47403	7.67594e-06	0.000221046	yes
GRMZM2G135722	GRMZM2G135722	GRMZM2G135722	Chr3:175999091-176001040	B73.s	Mo17.s	OK	0.0311065	6.68427	5.37009	-4.4361	9.1605e-06	0.000257516	yes
GRMZM2G354956	GRMZM2G354956	GRMZM2G354956	Chr5:1766803-1767968	B73.s	Mo17.s	OK	0.0350681	7.41233	5.35361	-3.36177	0.000774457	0.0105345	yes
GRMZM2G342685	GRMZM2G342685	GRMZM2G342685	Chr1:27861272-27868552	B73.s	Mo17.s	OK	0.373479	72.7813	5.27235	-6.58607	4.51617e-11	4.29025e-09	yes
GRMZM2G139535	GRMZM2G139535	GRMZM2G139535	Chr7:125861348-125865050	B73.s	Mo17.s	OK	0.106908	20.4296	5.25277	-6.12993	8.79171e-10	6.62972e-08	yes
GRMZM2G358153	GRMZM2G358153	GRMZM2G358153	Chr4:12082696-12084089	B73.s	Mo17.s	OK	1.98238	374.028	5.24003	-6.8631	6.73794e-12	7.28897e-10	yes
GRMZM2G333635	GRMZM2G333635	GRMZM2G333635	Chr8:13044020-13044777	B73.s	Mo17.s	OK	0.0688344	12.7145	5.21879	-4.31765	1.57702e-05	0.000408839	yes
GRMZM2G025109	GRMZM2G025109	GRMZM2G025109	Chr4:15015130-15016122	B73.s	Mo17.s	OK	0.208421	35.4043	5.13503	-5.11201	3.18756e-07	1.39537e-05	yes
GRMZM2G031504	GRMZM2G031504	GRMZM2G031504	Chr7:5272455-5273315	B73.s	Mo17.s	OK	0.359763	59.5171	5.10857	-5.14411	2.68787e-07	1.20732e-05	yes
GRMZM2G399530	GRMZM2G399530	GRMZM2G399530	Chr10:108117889-108119802	B73.s	Mo17.s	OK	0.183521	30.1821	5.10267	-5.12763	2.9341e-07	1.29956e-05	yes
GRMZM2G156599	GRMZM2G156599	GRMZM2G156599	Chr5:190674765-190677896	B73.s	Mo17.s	OK	0.0477781	7.83512	5.0998	-5.3045	1.1298e-07	5.57132e-06	yes
GRMZM2G420988	GRMZM2G420988	GRMZM2G420988	Chr9:43676778-43682735	B73.s	Mo17.s	OK	0.180989	29.1587	5.08207	-5.14773	2.63663e-07	1.18689e-05	yes
GRMZM2G000236	GRMZM2G000236	GRMZM2G000236	Chr9:7308152-7309906	B73.s	Mo17.s	OK	0.178821	28.5031	5.07138	-5.12914	2.9107e-07	1.29057e-05	yes
GRMZM2G156877	GRMZM2G156877	GRMZM2G156877	Chr3:194169751-194171618	B73.s	Mo17.s	OK	0.739815	115.124	5.04737	-6.21984	4.97648e-10	3.95477e-08	yes
GRMZM2G079082	GRMZM2G079082	GRMZM2G079082	Chr2:209124510-209128692	B73.s	Mo17.s	OK	0.0161769	2.48055	5.03265	-4.68297	2.82749e-06	9.3028e-05	yes
GRMZM2G106560	GRMZM2G106560	GRMZM2G106560	Chr2:221753524-221758060	B73.s	Mo17.s	OK	0.0707124	10.3235	4.98356	-4.10767	3.99667e-05	0.000898089	yes
GRMZM2G371167	GRMZM2G371167	GRMZM2G371167	Chr5:74406948-74407926	B73.s	Mo17.s	OK	0.569423	81.7805	4.96717	-4.96512	6.86586e-07	2.75997e-05	yes
GRMZM2G332280	GRMZM2G332280	GRMZM2G332280	Chr3:127189998-127220350	B73.s	Mo17.s	OK	0.0166498	2.33933	4.94522	-4.05165	5.08581e-05	0.00109405	yes
GRMZM2G327349	GRMZM2G327349	GRMZM2G327349	Chr3:49562768-49566492	B73.s	Mo17.s	OK	0.0362502	4.84992	4.89627	-3.96655	7.29212e-05	0.00147571	yes
GRMZM2G130943	GRMZM2G130943	GRMZM2G130943	Chr9:147545344-147548039	B73.s	Mo17.s	OK	0.0755739	9.44229	4.82784	-4.707	2.51391e-06	8.49427e-05	yes
GRMZM2G044493	GRMZM2G044493	GRMZM2G044493	Chr2:143471166-143472101	B73.s	Mo17.s	OK	0.157901	19.1283	4.79695	-4.8919	9.98683e-07	3.81067e-05	yes
GRMZM2G034815	GRMZM2G034815	GRMZM2G034815	Chr8:120055235-120057184	B73.s	Mo17.s	OK	0.127969	15.4142	4.79126	-4.71129	2.46157e-06	8.34469e-05	yes
GRMZM2G115705	GRMZM2G115705	GRMZM2G115705	Chr2:7180218-7183810	B73.s	Mo17.s	OK	0.0176667	2.08782	4.77219	-3.87108	0.000108355	0.00207204	yes
GRMZM2G447795	GRMZM2G447795	GRMZM2G447795	Chr6:129086003-129087221	B73.s	Mo17.s	OK	0.660602	76.0892	4.74651	-4.76264	1.91072e-06	6.6914e-05	yes
GRMZM2G016039	GRMZM2G016039	GRMZM2G016039	Chr4:63752534-63754892	B73.s	Mo17.s	OK	0.141969	16.3281	4.74503	-6.49417	8.34932e-11	7.6165e-09	yes
GRMZM2G493395	GRMZM2G493395	GRMZM2G493395	Chr7:14077851-14081075	B73.s	Mo17.s	OK	0.854532	96.2794	4.72446	-3.75434	0.000173802	0.00309576	yes
GRMZM5G849600	GRMZM5G849600	GRMZM5G849600	Chr3:219828373-219833646	B73.s	Mo17.s	OK	0.109404	12.193	4.71357	-4.63473	3.57405e-06	0.000114049	yes
GRMZM2G331393	GRMZM2G331393	GRMZM2G331393	Chr8:75414352-75416956	B73.s	Mo17.s	OK	0.0430098	4.74733	4.70391	-3.796	0.000147048	0.00269353	yes
GRMZM2G166642	GRMZM2G166642	GRMZM2G166642	Chr3:3342183-3344508	B73.s	Mo17.s	OK	0.142269	15.69	4.70306	-6.5393	6.18094e-11	5.73981e-09	yes
GRMZM2G422340	GRMZM2G422340	GRMZM2G422340	Chr2:7423752-7427106	B73.s	Mo17.s	OK	0.0296469	3.24344	4.69503	-4.9243	8.46646e-07	3.31943e-05	yes
GRMZM2G042030	GRMZM2G042030	GRMZM2G042030	Chr4:38844808-38849875	B73.s	Mo17.s	OK	0.00673397	0.732867	4.6898	-1.77152	0.076475	0.304221	no
GRMZM2G057841	GRMZM2G057841	GRMZM2G057841	Chr5:171119247-171119873	B73.s	Mo17.s	OK	0.682892	72.8803	4.67024	-4.69378	2.682e-06	8.93079e-05	yes
GRMZM2G084086	GRMZM2G084086	GRMZM2G084086	Chr5:210752878-210755426	B73.s	Mo17.s	OK	0.111183	11.0359	4.59773	-4.68881	2.74802e-06	9.1066e-05	yes
GRMZM2G007481	GRMZM2G007481	GRMZM2G007481	Chr10:128451469-128455073	B73.s	Mo17.s	OK	0.113185	11.2287	4.5972	-4.52901	5.92595e-06	0.000177452	yes
GRMZM2G150242	GRMZM2G150242	GRMZM2G150242	Chr9:121717743-121720215	B73.s	Mo17.s	OK	0.144469	14.2101	4.58865	-4.60328	4.15887e-06	0.000130198	yes
GRMZM2G015753	GRMZM2G015753	GRMZM2G015753	Chr2:187785088-187787133	B73.s	Mo17.s	OK	0.117869	11.2604	4.55947	-4.44496	8.79078e-06	0.000248475	yes
GRMZM2G174128	GRMZM2G174128	GRMZM2G174128	Chr5:147445219-147449232	B73.s	Mo17.s	OK	0.564683	53.4283	4.54983	-5.8469	5.0083e-09	3.2644e-07	yes
GRMZM2G078129	GRMZM2G078129	GRMZM2G078129	Chr5:131039770-131041987	B73.s	Mo17.s	OK	0.0907081	8.54689	4.54568	-4.63703	3.53456e-06	0.000112964	yes
GRMZM2G002555	GRMZM2G002555	GRMZM2G002555	Chr4:211479887-211481997	B73.s	Mo17.s	OK	0.147301	13.6513	4.52911	-4.54905	5.38895e-06	0.000163385	yes
GRMZM2G119523	GRMZM2G119523	GRMZM2G119523	Chr3:90410104-90414152	B73.s	Mo17.s	OK	0.172855	15.6482	4.50565	-6.2805	3.37476e-10	2.74525e-08	yes
GRMZM2G158342	GRMZM2G158342	GRMZM2G158342	Chr3:13101530-13103292	B73.s	Mo17.s	OK	0.0318693	2.87503	4.50218	-3.61863	0.000296171	0.00480902	yes
GRMZM2G303509	GRMZM2G303509	GRMZM2G303509	Chr5:205386536-205387092	B73.s	Mo17.s	OK	0.110382	9.79614	4.48579	-3.60876	0.000307668	0.00496062	yes
GRMZM2G387360	GRMZM2G387360	GRMZM2G387360	Chr5:23838143-23838818	B73.s	Mo17.s	OK	4.26389	377.103	4.48234	-3.51013	0.00044788	0.00681451	yes
GRMZM2G478160	GRMZM2G478160	GRMZM2G478160	Chr7:132107565-132108467	B73.s	Mo17.s	OK	0.0803592	7.06595	4.47654	-3.5946	0.000324886	0.00519165	yes
GRMZM2G021378	GRMZM2G021378	GRMZM2G021378	Chr3:134087707-134093038	B73.s	Mo17.s	OK	1.17909	103.262	4.47252	-5.88849	3.89744e-09	2.63166e-07	yes
GRMZM2G053909	GRMZM2G053909	GRMZM2G053909	Chr2:11983574-11986702	B73.s	Mo17.s	OK	0.449442	39.0821	4.46541	-5.7512	8.86101e-09	5.51465e-07	yes
GRMZM2G337768	GRMZM2G337768	GRMZM2G337768	Chr6:120450833-120453120	B73.s	Mo17.s	OK	0.228133	19.7705	4.46202	-4.48693	7.22559e-06	0.000209684	yes
GRMZM2G010962	GRMZM2G010962	GRMZM2G010962	Chr2:7265779-7267612	B73.s	Mo17.s	OK	0.0275594	2.34731	4.44468	-3.57561	0.000349407	0.00552791	yes
GRMZM2G127224	GRMZM2G127224	GRMZM2G127224	Chr9:125133981-125139115	B73.s	Mo17.s	OK	0.0154956	1.3068	4.43478	-3.35334	0.000798413	0.0107928	yes
GRMZM2G046743	GRMZM2G046743	GRMZM2G046743	Chr4:36877302-36884877	B73.s	Mo17.s	OK	0.575595	47.8356	4.42012	-4.45179	8.51564e-06	0.00024169	yes
GRMZM2G339562	GRMZM2G339562	GRMZM2G339562	Chr5:23183497-23184546	B73.s	Mo17.s	OK	0.697628	57.9746	4.42007	-4.42487	9.64988e-06	0.000267812	yes
GRMZM2G164967	GRMZM2G164967	GRMZM2G164967	Chr7:87192391-87195740	B73.s	Mo17.s	OK	0.0848359	7.01382	4.41492	-4.35119	1.35401e-05	0.000357757	yes
GRMZM2G138589	GRMZM2G138589	GRMZM2G138589	Chr9:148616676-148619404	B73.s	Mo17.s	OK	0.454458	37.4719	4.41224	-4.39002	1.13339e-05	0.00030854	yes
GRMZM2G466298	GRMZM2G466298	GRMZM2G466298	Chr5:202294728-202303765	B73.s	Mo17.s	OK	0.0440867	3.57331	4.39509	-4.26514	1.99775e-05	0.000498821	yes
GRMZM2G000932	GRMZM2G000932	GRMZM2G000932	Chr9:24485725-24487699	B73.s	Mo17.s	OK	0.179126	14.4396	4.38964	-4.27364	1.92304e-05	0.000484264	yes
GRMZM2G305148	GRMZM2G305148	GRMZM2G305148	Chr5:57912384-57920099	B73.s	Mo17.s	OK	0.216237	17.1622	4.37409	-4.33495	1.45791e-05	0.000382033	yes
GRMZM2G082520	GRMZM2G082520	GRMZM2G082520	Chr9:116354838-116356709	B73.s	Mo17.s	OK	0.437971	33.2609	4.32998	-5.23371	1.66143e-07	7.8645e-06	yes
GRMZM2G081502	GRMZM2G081502	GRMZM2G081502	Chr7:105210273-105211672	B73.s	Mo17.s	OK	0.136505	10.3538	4.32875	-4.31641	1.58587e-05	0.000410874	yes
GRMZM2G088121	GRMZM2G088121	GRMZM2G088121	Chr2:4425880-4426799	B73.s	Mo17.s	OK	0.02662	2.01331	4.32588	-2.67905	0.0073832	0.0626625	no
GRMZM2G700866	GRMZM2G700866	GRMZM2G700866	Chr6:20853996-20859181	B73.s	Mo17.s	OK	0.0804333	6.0489	4.3202	-5.029	4.93052e-07	2.05807e-05	yes
